Sep 4, 2012 1:27:09 AM org.apache.catalina.core.AprLifecycleListener init
INFO: The APR based Apache Tomcat Native library which allows optimal performance in production environments was not found on the java.library.path: /home/idrive/caimito/jdk/jre/lib/i386/server:/home/idrive/caimito/jdk/jre/lib/i386:/home/idrive/caimito/jdk/jre/../lib/i386:/usr/java/packages/lib/i386:/lib:/usr/lib
Sep 4, 2012 1:27:10 AM org.apache.coyote.AbstractProtocol init
INFO: Initializing ProtocolHandler ["http-bio-8619"]
Sep 4, 2012 1:27:10 AM org.apache.catalina.startup.Catalina load
INFO: Initialization processed in 2354 ms
Sep 4, 2012 1:27:10 AM org.apache.catalina.core.StandardService startInternal
INFO: Starting service Catalina
Sep 4, 2012 1:27:10 AM org.apache.catalina.core.StandardEngine startInternal
INFO: Starting Servlet Engine: Apache Tomcat/7.0.27
Sep 4, 2012 1:27:10 AM org.apache.catalina.startup.HostConfig deployDescriptor
INFO: Deploying configuration descriptor /home/idrive/caimito/conf/Catalina/localhost/ROOT.xml
Sep 4, 2012 1:27:16 AM org.apache.coyote.AbstractProtocol start
INFO: Starting ProtocolHandler ["http-bio-8619"]
Sep 4, 2012 1:27:16 AM org.apache.catalina.startup.Catalina start
INFO: Server startup in 5255 ms
Sep 4, 2012 1:34:23 AM org.apache.http.impl.client.DefaultRequestDirector execute
INFO: I/O exception (java.net.SocketException) caught when processing request: Connection reset
Sep 4, 2012 1:34:23 AM org.apache.http.impl.client.DefaultRequestDirector execute
INFO: Retrying request
Sep 4, 2012 7:12:36 AM org.apache.coyote.AbstractProtocol pause
INFO: Pausing ProtocolHandler ["http-bio-8619"]
Sep 4, 2012 7:12:36 AM org.apache.catalina.core.StandardService stopInternal
INFO: Stopping service Catalina
Sep 4, 2012 7:12:37 AM org.apache.coyote.AbstractProtocol stop
INFO: Stopping ProtocolHandler ["http-bio-8619"]
Sep 4, 2012 7:12:37 AM org.apache.coyote.AbstractProtocol destroy
INFO: Destroying ProtocolHandler ["http-bio-8619"]
