Jun 16, 2012 10:41:22 AM org.apache.catalina.core.StandardWrapperValve invoke
SEVERE: Servlet.service() for servlet [webdav] in context with path [] threw exception [Error accessing resource] with root cause
ngasi.caimito.CaimitoException: java.lang.NullPointerException
	at ngasi.caimito.CaimitoException.throwException(CaimitoException.java:56)
	at ngasi.caimito.resource.OpenStackResourceObj.auth(OpenStackResourceObj.java:525)
	at ngasi.caimito.resource.OpenStackResourceObj.doList(OpenStackResourceObj.java:535)
	at ngasi.caimito.resource.ResourceObj.list(ResourceObj.java:117)
	at ngasi.caimito.CaimitoDefaultServlet.renderHtml(CaimitoDefaultServlet.java:1543)
	at ngasi.caimito.CaimitoDefaultServlet.render(CaimitoDefaultServlet.java:1338)
	at ngasi.caimito.CaimitoDefaultServlet.serveResource(CaimitoDefaultServlet.java:1034)
	at ngasi.caimito.CaimitoDefaultServlet.doGet(CaimitoDefaultServlet.java:477)
	at javax.servlet.http.HttpServlet.service(HttpServlet.java:621)
	at ngasi.caimito.CaimitoWebdavServlet.service(CaimitoWebdavServlet.java:413)
	at javax.servlet.http.HttpServlet.service(HttpServlet.java:722)
	at org.apache.catalina.core.ApplicationFilterChain.internalDoFilter(ApplicationFilterChain.java:305)
	at org.apache.catalina.core.ApplicationFilterChain.doFilter(ApplicationFilterChain.java:210)
	at org.shaft.ShaftFilter.doFilter(ShaftFilter.java:204)
	at org.apache.catalina.core.ApplicationFilterChain.internalDoFilter(ApplicationFilterChain.java:243)
	at org.apache.catalina.core.ApplicationFilterChain.doFilter(ApplicationFilterChain.java:210)
	at org.apache.catalina.core.StandardWrapperValve.invoke(StandardWrapperValve.java:225)
	at org.apache.catalina.core.StandardContextValve.invoke(StandardContextValve.java:169)
	at org.apache.catalina.core.StandardHostValve.invoke(StandardHostValve.java:168)
	at org.apache.catalina.valves.ErrorReportValve.invoke(ErrorReportValve.java:98)
	at org.apache.catalina.valves.AccessLogValve.invoke(AccessLogValve.java:927)
	at org.apache.catalina.core.StandardEngineValve.invoke(StandardEngineValve.java:118)
	at org.apache.catalina.connector.CoyoteAdapter.service(CoyoteAdapter.java:407)
	at org.apache.coyote.http11.AbstractHttp11Processor.process(AbstractHttp11Processor.java:999)
	at org.apache.coyote.AbstractProtocol$AbstractConnectionHandler.process(AbstractProtocol.java:565)
	at org.apache.tomcat.util.net.JIoEndpoint$SocketProcessor.run(JIoEndpoint.java:307)
	at java.util.concurrent.ThreadPoolExecutor$Worker.runTask(ThreadPoolExecutor.java:886)
	at java.util.concurrent.ThreadPoolExecutor$Worker.run(ThreadPoolExecutor.java:908)
	at java.lang.Thread.run(Thread.java:662)
